{"level":"info","message":"POST /api/role/add - {}","timestamp":"2024-12-15T20:41:10.195Z"}
2024-12-15T20:41:58.934Z [[32minfo[39m]: POST /api/role/add - {}
2024-12-15T20:44:57.239Z [[32minfo[39m]: POST /api/role/add - {}
2024-12-16T06:01:03.454Z [[32minfo[39m]: GET /api - {}
2024-12-16T06:01:08.632Z [[32minfo[39m]: POST /api/role/add - {}
2024-12-16T06:01:18.698Z [[32minfo[39m]: POST /api/role/add - {}
2024-12-16T06:05:39.795Z [[32minfo[39m]: POST /api/role/add - {}
2024-12-16T06:06:15.487Z [[32minfo[39m]: GET /api/a - {}
2024-12-16T06:19:46.332Z [[32minfo[39m]: GET /api/role - {}
2024-12-16T06:20:26.727Z [[32minfo[39m]: POST /api/role/add - {}
2024-12-16T07:09:53.001Z [[32minfo[39m]: GET /api/role - {}
2024-12-16T07:12:50.086Z [[32minfo[39m]: POST /api/role/add - {}
2024-12-16T07:13:47.808Z [[32minfo[39m]: POST /api/role/add - {}
2024-12-16T07:14:27.258Z [[32minfo[39m]: POST /api/role/add - {}
2024-12-16T07:15:15.563Z [[32minfo[39m]: POST /api/role/add - {}
2024-12-16T07:15:38.377Z [[32minfo[39m]: POST /api/role/add - {}
2024-12-16T07:16:01.457Z [[32minfo[39m]: POST /api/role/add - {}
2024-12-16T07:18:16.652Z [[32minfo[39m]: POST /api/role/add - {}
2024-12-16T07:24:59.878Z [[32minfo[39m]: GET /api/initialize - {}
2024-12-16T07:25:05.846Z [[32minfo[39m]: GET /api/initialize - {}
2024-12-16T07:25:30.179Z [[32minfo[39m]: POST /api/login - {"email":"admin@example.com","password":"admin"}
2024-12-16T07:25:36.944Z [[32minfo[39m]: POST /api/login - {"email":"admin@example.com","password":"admin"}
2024-12-16T07:25:56.468Z [[32minfo[39m]: POST /api/role/add - {}
2024-12-16T07:33:11.769Z [[32minfo[39m]: POST /api/role/add - {}
2024-12-16T07:33:13.756Z [[32minfo[39m]: POST /api/role/add - {}
2024-12-16T07:33:46.002Z [[32minfo[39m]: POST /api/login - {"email":"admin@example.com","password":"admin"}
2024-12-16T07:34:04.824Z [[32minfo[39m]: POST /api/role/add - {}
2024-12-16T07:34:53.909Z [[32minfo[39m]: POST /api/role/add - {}
2024-12-16T07:34:58.811Z [[32minfo[39m]: POST /api/role/add - {}
2024-12-16T07:36:17.020Z [[32minfo[39m]: POST /api/role/add - {}
2024-12-16T07:50:49.053Z [[32minfo[39m]: POST /api/role/add - {}
2024-12-16T07:52:18.186Z [[32minfo[39m]: POST /api/role/add - {}
2024-12-16T07:53:03.615Z [[32minfo[39m]: POST /api/role/add - {"name":"ADMIN"}
2024-12-16T07:53:20.840Z [[32minfo[39m]: POST /api/role/add - {"name":"ADMIN"}
2024-12-16T07:54:56.462Z [[32minfo[39m]: POST /api/role/add - {"name":"ADMIN","permissions":"[HELLO,HELLO2]"}
2024-12-16T07:55:01.739Z [[32minfo[39m]: POST /api/role/add - {"name":"ADMIN_2","permissions":"[HELLO,HELLO2]"}
2024-12-16T08:09:50.532Z [[32minfo[39m]: POST /api/role/add - {"name":"ADMIN_2","permissions":"[HELLO,HELLO2]"}
2024-12-16T08:10:46.190Z [[32minfo[39m]: POST /api/role/add - {"name":"ADMIN_2","permissions":"[HELLO,HELLO2]"}
2024-12-16T08:10:50.859Z [[32minfo[39m]: POST /api/role/add - {"name":"ADMIN_24","permissions":"[HELLO,HELLO2]"}
2024-12-16T08:13:49.943Z [[32minfo[39m]: GET /api/initialize - {}
2024-12-16T10:32:54.594Z [[32minfo[39m]: POST /api/login - {"email":"admin@example.com","password":"admin"}
2024-12-16T10:32:59.753Z [[32minfo[39m]: POST /api/login - {"email":"admin@example.com","password":"admin"}
2024-12-16T10:37:45.076Z [[32minfo[39m]: POST /api/login - {"email":"admin@example.com","password":"admin"}
2024-12-16T11:29:47.106Z [[32minfo[39m]: GET /api/initialize - {}
2024-12-16T12:58:22.797Z [[32minfo[39m]: GET /favicon.ico - {}
2024-12-16T12:58:24.392Z [[32minfo[39m]: GET /api/initialize - {}
2024-12-16T13:06:48.900Z [[32minfo[39m]: GET /api/initialize - {}
2024-12-16T13:07:00.620Z [[32minfo[39m]: POST /api/login - {"email":"admin@example.com","password":"admin"}
2024-12-21T08:43:13.046Z [[32minfo[39m]: GET / - {}
2024-12-21T08:43:15.531Z [[32minfo[39m]: GET /favicon.ico - {}
2024-12-21T09:12:27.451Z [[32minfo[39m]: GET / - {}
2024-12-21T09:13:41.573Z [[32minfo[39m]: GET / - {}
2024-12-21T09:20:48.282Z [[32minfo[39m]: GET / - {}
2024-12-21T09:22:05.222Z [[32minfo[39m]: GET /api - {}
2024-12-21T09:22:10.397Z [[32minfo[39m]: GET /api/role - {}
2024-12-21T09:35:16.310Z [[32minfo[39m]: POST /api/module/ - {"name":"","path":""}
2024-12-21T09:35:54.461Z [[32minfo[39m]: GET /api/ - {}
2024-12-21T09:37:10.411Z [[32minfo[39m]: GET /api/login - {}
2024-12-21T09:37:20.654Z [[32minfo[39m]: POST /api/login - {}
2024-12-21T09:37:48.623Z [[32minfo[39m]: POST /api/login - {"email":"","password":""}
2024-12-21T09:41:04.670Z [[32minfo[39m]: POST /api/login - {"email":"admin@example.com","password":"admin"}
2024-12-21T09:49:19.577Z [[32minfo[39m]: POST /api/login - {"email":"admin@example.com","password":"admin"}
2024-12-21T09:50:48.379Z [[32minfo[39m]: POST /api/login - {"email":"admin@example.com","password":"admin"}
2024-12-21T09:51:24.377Z [[32minfo[39m]: POST /api/login - {"email":"admin@example.com","password":"admin"}
2024-12-21T09:52:14.280Z [[32minfo[39m]: POST /api/login - {"email":"admin@example.com","password":"admin"}
2024-12-21T09:53:30.568Z [[32minfo[39m]: POST /api/login - {"email":"admin@example.com","password":"admin"}
2024-12-21T09:58:37.311Z [[32minfo[39m]: POST /api/login - {"email":"admin@example.com","password":"admin"}
2024-12-21T13:22:41.471Z [[32minfo[39m]: GET / - {}
2024-12-21T13:22:48.820Z [[32minfo[39m]: POST /api/login - {"email":"admin@example.com","password":"admin"}
2024-12-21T13:29:48.422Z [[32minfo[39m]: POST /api/module/ - {"name":"","path":""}
2024-12-21T13:35:00.050Z [[32minfo[39m]: POST /api/module/add - {"name":"","path":""}
2024-12-21T13:35:46.610Z [[32minfo[39m]: POST /api/module/add - {"name":"role","backendPath":"/role","frontEndPath":"/role"}
2024-12-21T13:35:50.511Z [[32minfo[39m]: POST /api/module/add - {"name":"role","backendPath":"/role","frontEndPath":"/role"}
2024-12-21T13:36:07.029Z [[32minfo[39m]: GET /api/module - {}
2024-12-21T13:36:38.477Z [[32minfo[39m]: GET /api/module - {}
2024-12-21T13:36:44.223Z [[32minfo[39m]: GET /api/module - {}
2024-12-21T13:41:15.483Z [[32minfo[39m]: GET /api/role - {}
2024-12-21T13:42:01.602Z [[32minfo[39m]: GET /api/login - {}
2024-12-21T13:42:24.090Z [[32minfo[39m]: POST /api/role - {}
2024-12-21T13:42:58.913Z [[32minfo[39m]: POST /api/role/add - {}
2024-12-21T13:49:58.682Z [[32minfo[39m]: POST /api/role/add - {}
2024-12-21T14:06:09.237Z [[32minfo[39m]: POST /api/role/add - {}
2024-12-21T14:26:19.989Z [[32minfo[39m]: GET /api/role - {}
2024-12-22T04:29:44.895Z [[32minfo[39m]: GET /api/module - {}
2024-12-22T04:29:53.081Z [[32minfo[39m]: POST /api/login - {"email":"admin@example.com","password":"admin"}
2024-12-22T04:30:07.724Z [[32minfo[39m]: GET /api/module - {}
2024-12-22T04:32:31.812Z [[32minfo[39m]: POST /api/role/add - {"name":"ADMIN","checkedModules":["6766c4324a4e8e77c7873d6a"]}
2024-12-22T04:32:37.686Z [[32minfo[39m]: POST /api/login - {"email":"admin@example.com","password":"admin"}
2024-12-22T04:32:58.540Z [[32minfo[39m]: POST /api/role/add - {"name":"ADMIN","checkedModules":["6766c4324a4e8e77c7873d6a"]}
2024-12-22T04:33:05.732Z [[32minfo[39m]: POST /api/role/add - {"name":"ADMIN","checkedModules":["6766c4324a4e8e77c7873d6a"]}
2024-12-22T04:33:11.655Z [[32minfo[39m]: GET /api/role - {}
2024-12-22T04:33:17.727Z [[32minfo[39m]: GET /api/role - {}
2024-12-22T04:33:26.126Z [[32minfo[39m]: GET /api/role - {}
2024-12-22T04:38:08.840Z [[32minfo[39m]: GET /api/role - {}
2024-12-22T04:39:34.033Z [[32minfo[39m]: GET /api/role - {}
2024-12-22T04:39:47.042Z [[32minfo[39m]: GET /api/role - {}
2024-12-22T04:46:43.413Z [[32minfo[39m]: GET /api/role - {}
2024-12-22T04:47:27.951Z [[32minfo[39m]: GET /api/role - {}
2024-12-22T09:58:19.333Z [[32minfo[39m]: GET /api/role - {}
2024-12-22T09:58:25.259Z [[32minfo[39m]: POST /api/login - {"email":"admin@example.com","password":"admin"}
2024-12-22T09:58:36.412Z [[32minfo[39m]: POST /api/module/add - {"name":"role","backendPath":"/role","frontEndPath":"/role"}
2024-12-22T09:58:43.061Z [[32minfo[39m]: POST /api/module/add - {"name":"role","backendPath":"/role","frontEndPath":"/role"}
2024-12-22T09:58:59.565Z [[32minfo[39m]: POST /api/module/add - {"name":"Root Module 1","backendPath":"/api/root1","frontEndPath":"/root1"}
2024-12-22T09:59:24.263Z [[32minfo[39m]: POST /api/module/add - {"name":"Submodule 1.1","backendPath":"/api/root1/sub1","frontEndPath":"/root1/sub1","parentId":"64efb2d2f1a4e1c45e123abc"}
2024-12-22T09:59:38.665Z [[32minfo[39m]: POST /api/module/add - {"name":"Submodule 1.1.1","backendPath":"/api/root1/sub1/nested1","frontEndPath":"/root1/sub1/nested1","parentId":"64efb3c3f7a3a2d5678defgh"}
2024-12-22T10:00:15.033Z [[32minfo[39m]: POST /api/module/add - {"name":"Submodule 1.1","backendPath":"/api/root1/sub1","frontEndPath":"/root1/sub1","parentId":"64efb2d2f1a4e1c45e123abc"}
2024-12-22T10:00:26.484Z [[32minfo[39m]: POST /api/module/add - {"name":"Root Module 1","backendPath":"/api/root1","frontEndPath":"/root1"}
2024-12-22T10:01:14.213Z [[32minfo[39m]: POST /api/module/add - {"name":"Root Module 1","backendPath":"/api/root1","frontEndPath":"/root1"}
2024-12-22T10:01:36.301Z [[32minfo[39m]: POST /api/module/add - {"name":"Submodule 1.1","backendPath":"/api/root1/sub1","frontEndPath":"/root1/sub1","parentId":"6767e36a6f2c06c6fef5a4e7"}
2024-12-22T10:02:19.772Z [[32minfo[39m]: POST /api/module/add - {"name":"Submodule 1.1.1","backendPath":"/api/root1/sub1/nested1","frontEndPath":"/root1/sub1/nested1","parentId":"6767e3806f2c06c6fef5a4e9"}
2024-12-22T10:02:31.461Z [[32minfo[39m]: GET /api/module - {}
2024-12-22T10:02:46.540Z [[32minfo[39m]: GET /api/module - {}
2024-12-22T10:07:34.780Z [[32minfo[39m]: GET /api/role - {}
2024-12-22T12:57:12.631Z [[32minfo[39m]: GET /api/role - {}
2024-12-22T13:14:19.057Z [[32minfo[39m]: GET /api/module - {}
2024-12-22T13:20:51.946Z [[32minfo[39m]: OPTIONS /api/login - {}
2024-12-22T13:26:02.374Z [[32minfo[39m]: POST /api/login - {"email":"pranay@gmail.com","password":"test"}
2024-12-22T13:26:10.419Z [[32minfo[39m]: POST /api/login - {"email":"pranay@gmail.com","password":"test"}
2024-12-22T13:29:45.855Z [[32minfo[39m]: POST /api/login - {"email":"pranay@mgil.co","password":"test"}
2024-12-22T13:32:59.202Z [[32minfo[39m]: POST /api/login - {"email":"pranay@gmail.com","password":"test"}
2024-12-22T13:33:04.505Z [[32minfo[39m]: POST /api/login - {"email":"pranay@gmail.com","password":"test"}
2024-12-22T13:33:06.284Z [[32minfo[39m]: POST /api/login - {"email":"pranay@gmail.com","password":"test"}
2024-12-22T13:34:02.692Z [[32minfo[39m]: POST /api/login - {"email":"pranay@gmail.com","password":"test"}
2024-12-22T13:34:29.228Z [[32minfo[39m]: POST /api/login - {"email":"pranay@gmail.com","password":"test"}
2024-12-22T13:38:35.484Z [[32minfo[39m]: POST /api/login - {"email":"admin@example.com","password":"test"}
2024-12-22T13:38:55.918Z [[32minfo[39m]: POST /api/login - {"email":"admin@example.com","password":"admin"}
2024-12-22T13:41:48.125Z [[32minfo[39m]: POST /api/login - {"email":"admin@example.com","password":"admin"}
2024-12-22T13:42:05.850Z [[32minfo[39m]: POST /api/login - {"email":"admin@example.com","password":"admin"}
2024-12-22T13:54:20.818Z [[32minfo[39m]: POST /api/login - {"email":"admin@example.com","password":"admin"}
2024-12-22T14:35:37.293Z [[32minfo[39m]: POST /api/login - {"email":"prana@gmail.com","password":"test"}
2024-12-22T14:35:40.096Z [[32minfo[39m]: POST /api/login - {"email":"prana@gmail.com","password":"test"}
2024-12-22T14:36:59.615Z [[32minfo[39m]: POST /api/login - {"email":"prana@gmail.com","password":"test"}
2024-12-22T14:37:14.227Z [[32minfo[39m]: POST /api/login - {"email":"prana@gmail.com","password":"test"}
2024-12-22T14:37:21.491Z [[32minfo[39m]: POST /api/login - {"email":"prana@gmail.com","password":"test"}
2024-12-22T14:37:57.697Z [[32minfo[39m]: POST /api/login - {"email":"admin@example.com","password":"admin"}
2024-12-22T14:38:02.433Z [[32minfo[39m]: POST /api/login - {"email":"admin@example.com","password":"admin"}
2024-12-22T14:38:07.057Z [[32minfo[39m]: POST /api/login - {"email":"admin@example.com","password":"admin"}
2024-12-22T14:42:51.553Z [[32minfo[39m]: GET /api/module - {}
2024-12-22T14:44:45.125Z [[32minfo[39m]: POST /api/login - {"email":"admin@example.com","password":"admin"}
2024-12-22T14:47:02.085Z [[32minfo[39m]: POST /api/login - {"email":"admin@example.com","password":"admin"}
2024-12-22T14:47:08.573Z [[32minfo[39m]: POST /api/login - {"email":"admin@example.com","password":"admins"}
2024-12-22T14:47:13.240Z [[32minfo[39m]: POST /api/login - {"email":"admin@example.com","password":"admin"}
2024-12-22T14:48:23.066Z [[32minfo[39m]: POST /api/login - {"email":"admin@example.com","password":"admin"}
2024-12-22T14:48:53.330Z [[32minfo[39m]: POST /api/login - {"email":"admin@example.com","password":"admin"}
2024-12-22T14:49:05.415Z [[32minfo[39m]: POST /api/login - {"email":"admin@example.com","password":"admin"}
2024-12-22T14:49:13.145Z [[32minfo[39m]: POST /api/login - {"email":"admin@example.com","password":"admin"}
2024-12-22T14:50:32.174Z [[32minfo[39m]: POST /api/login - {"email":"admin@example.com","password":"admin"}
2024-12-22T14:51:50.763Z [[32minfo[39m]: POST /api/login - {"email":"admin@example.com","password":"admin"}
2024-12-22T14:52:44.959Z [[32minfo[39m]: POST /api/login - {"email":"admin@exmaple.com","password":"admin"}
2024-12-22T14:52:53.691Z [[32minfo[39m]: POST /api/login - {"email":"admin@exmaple.com","password":"admin"}
2024-12-22T14:53:08.659Z [[32minfo[39m]: POST /api/login - {"email":"admin@example.com","password":"admin"}
2024-12-22T14:54:50.183Z [[32minfo[39m]: POST /api/login - {"email":"admin@example.com","password":"admn"}
2024-12-22T14:54:55.852Z [[32minfo[39m]: POST /api/login - {"email":"admin@example.com","password":"admin"}
2024-12-22T14:56:14.171Z [[32minfo[39m]: POST /api/login - {"email":"admin@example.com","password":"admin"}
2024-12-22T14:56:40.475Z [[32minfo[39m]: POST /api/login - {"email":"admin@example.com","password":"admin"}
2024-12-22T14:59:39.454Z [[32minfo[39m]: POST /api/login - {"email":"admin@example.com","password":"admin"}
2024-12-22T15:01:43.152Z [[32minfo[39m]: POST /api/login - {"email":"admin@example.com","password":"admin"}
2024-12-22T15:02:14.782Z [[32minfo[39m]: POST /api/login - {"email":"admin@example.com","password":"admin"}
2024-12-22T15:03:35.474Z [[32minfo[39m]: POST /api/login - {"email":"admin@example.com","password":"admin"}
2024-12-22T15:05:18.419Z [[32minfo[39m]: POST /api/login - {"email":"admin@example.com","password":"admin"}
2024-12-22T15:08:08.585Z [[32minfo[39m]: POST /api/login - {"email":"admin@example.com","password":"admin"}
2024-12-22T15:09:05.426Z [[32minfo[39m]: POST /api/login - {"email":"admin@example.com","password":"admin"}
2024-12-22T15:09:57.071Z [[32minfo[39m]: POST /api/login - {"email":"admin@example.com","password":"admin"}
2024-12-22T15:10:44.370Z [[32minfo[39m]: POST /api/login - {"email":"admin@example.coma","password":"admin"}
2024-12-22T15:10:51.670Z [[32minfo[39m]: POST /api/login - {"email":"admin@example.com","password":"admin"}
2024-12-22T15:12:11.623Z [[32minfo[39m]: POST /api/login - {"email":"admin@example.com","password":"admin"}
2024-12-22T16:35:10.069Z [[32minfo[39m]: POST /api/login - {"email":"admin@example.com","password":"admin"}
2024-12-22T17:22:29.366Z [[32minfo[39m]: POST /api/login - {"email":"admin@example.com","password":"admin"}
2024-12-22T17:24:05.644Z [[32minfo[39m]: POST /api/login - {"email":"admin@example.com","password":"admin"}
2024-12-22T17:24:44.339Z [[32minfo[39m]: POST /api/login - {"email":"admin@example.com","password":"admin"}
2024-12-22T17:27:33.354Z [[32minfo[39m]: POST /api/login - {"email":"admin@example.com","password":"admin"}
2024-12-22T18:04:17.307Z [[32minfo[39m]: GET / - {}
2024-12-22T18:04:18.087Z [[32minfo[39m]: GET /favicon.ico - {}
2024-12-23T08:55:24.820Z [[32minfo[39m]: POST /api/login - {"email":"admin@example.in","password":"tst"}
2024-12-23T08:55:56.100Z [[32minfo[39m]: POST /api/login - {"email":"admin@example.com","password":"admin"}
2024-12-23T10:41:58.185Z [[32minfo[39m]: GET / - {}
2024-12-23T10:41:59.050Z [[32minfo[39m]: GET /favicon.ico - {}
2024-12-23T10:42:01.539Z [[32minfo[39m]: GET /api - {}
2024-12-23T10:45:42.136Z [[32minfo[39m]: POST /api/login - {"email":"admin@example.com","password":"admin"}
2024-12-23T10:48:38.120Z [[32minfo[39m]: POST /api/login - {"email":"admin@example.com","password":"admin"}
2024-12-23T10:54:09.984Z [[32minfo[39m]: GET //api/initialize - {}
2024-12-23T10:54:16.888Z [[32minfo[39m]: GET /api/initialize - {}
2024-12-23T10:54:17.556Z [[32minfo[39m]: GET /favicon.ico - {}
2024-12-24T08:46:26.582Z [[32minfo[39m]: GET / - {}
2024-12-24T08:46:27.067Z [[32minfo[39m]: GET /favicon.ico - {}
2024-12-24T08:49:01.500Z [[32minfo[39m]: GET /api/role - {}
